<?xml version="1.0" encoding="UTF-8"?>
<!-- Generated by org.testng.reporters.JUnitReportReporter -->
<testsuite hostname="Admin-PC" name="defaultpackages.NewTest" tests="1" failures="0" timestamp="6 Feb 2017 06:32:39 GMT" time="0.015" errors="0">
  <testcase name="testEasy" time="0.015" classname="defaultpackages.NewTest"/>
</testsuite> <!-- defaultpackages.NewTest -->
